<?xml version="1.0" encoding="UTF-8"?>
<testsuite xmlns:xsi="http://www.w3.org/2001/XMLSchema-instance" xsi:noNamespaceSchemaLocation="https://maven.apache.org/surefire/maven-surefire-plugin/xsd/surefire-test-report.xsd" name="uitests.checkMainCategoriesTest" time="13.885" tests="1" errors="0" skipped="0" failures="1">
  <properties>
[...]
</properties>
  <testcase name="checkCategoriesTest" classname="uitests.checkMainCategoriesTest" time="0.338">
    <failure message="java.lang.NoSuchMethodException: jdk.proxy2.$Proxy9.proxyClassLookup()" type="java.lang.RuntimeException">java.lang.RuntimeException: java.lang.NoSuchMethodException: jdk.proxy2.$Proxy9.proxyClassLookup()
	at uitests.checkMainCategoriesTest.checkCategoriesTest(checkMainCategoriesTest.java:11)
Caused by: java.lang.NoSuchMethodException: jdk.proxy2.$Proxy9.proxyClassLookup()
	at uitests.checkMainCategoriesTest.checkCategoriesTest(checkMainCategoriesTest.java:11)
</failure>
    <system-out><![CDATA[
]]></system-out>
    <system-err><![CDATA[Jul 13, 2023 3:55:51 PM io.appium.java_client.remote.AppiumCommandExecutor$1 lambda$0
INFO: Detected dialect: W3C
]]></system-err>
  </testcase>
</testsuite>