-------------------------------------------------------------------------------
Test set: testPackage1.changePageTest
-------------------------------------------------------------------------------
Tests run: 1, Failures: 1, Errors: 0, Skipped: 0, Time elapsed: 9.574 s <<< FAILURE! - in testPackage1.changePageTest
openHomePageTest(testPackage1.changePageTest)  Time elapsed: 6.588 s  <<< FAILURE!
java.lang.AssertionError: Articles count should be 10 expected [10] but found [28]
	at testPackage1.changePageTest.openHomePageTest(changePageTest.java:22)

